<?xml version="1.0" encoding="UTF-8"?>
<testng-results ignored="0" total="1" passed="1" failed="0" skipped="0">
  <reporter-output>
  </reporter-output>
  <suite started-at="2023-01-02T13:43:07 IST" name="Default suite" finished-at="2023-01-02T13:49:35 IST" duration-ms="387869">
    <groups>
    </groups>
    <test started-at="2023-01-02T13:43:07 IST" name="Default test" finished-at="2023-01-02T13:49:35 IST" duration-ms="387869">
      <class name="com.mobileAutomationSwiggy.Filpkart">
        <test-method is-config="true" signature="openDevice()[pri:0, instance:com.mobileAutomationSwiggy.Filpkart@3232a28a]" started-at="2023-01-02T13:43:08 IST" name="openDevice" finished-at="2023-01-02T13:43:35 IST" duration-ms="27903" status="PASS">
          <reporter-output>
          </reporter-output>
        </test-method> <!-- openDevice -->
        <test-method signature="starttestcase()[pri:0, instance:com.mobileAutomationSwiggy.Filpkart@3232a28a]" started-at="2023-01-02T13:43:35 IST" name="starttestcase" finished-at="2023-01-02T13:49:35 IST" duration-ms="359874" status="PASS">
          <reporter-output>
          </reporter-output>
        </test-method> <!-- starttestcase -->
      </class> <!-- com.mobileAutomationSwiggy.Filpkart -->
    </test> <!-- Default test -->
  </suite> <!-- Default suite -->
</testng-results>
